Sample/build/outputs/logs/manifest-merger-debug-report.txt
-- Merging decision tree log ---
manifest
ADDED from src\main\AndroidManifest.xml:2:1-20:12
MERGED from [:ColorPickerPreference] AndroidManifest.xml:2:1-11:12
	package
		ADDED from src\main\AndroidManifest.xml:3:5-52
	xmlns:android
		ADDED from src\main\AndroidManifest.xml:2:11-69
application
ADDED from src\main\AndroidManifest.xml:5:5-17:19
	android:label
		ADDED from src\main\AndroidManifest.xml:7:9-41
	android:icon
		ADDED from src\main\AndroidManifest.xml:6:9-38
activity#net.margaritov.preference.colorpicker.Test
ADDED from src\main\AndroidManifest.xml:8:9-15:20
	android:label
		ADDED from src\main\AndroidManifest.xml:10:13-45
	android:name
		ADDED from src\main\AndroidManifest.xml:9:13-70
intent-filter#action:name:android.intent.action.MAIN+category:name:android.intent.category.LAUNCHER
ADDED from src\main\AndroidManifest.xml:11:13-14:29
action#android.intent.action.MAIN
ADDED from src\main\AndroidManifest.xml:12:17-69
	android:name
		ADDED from src\main\AndroidManifest.xml:12:25-66
category#android.intent.category.LAUNCHER
ADDED from src\main\AndroidManifest.xml:13:17-77
	android:name
		ADDED from src\main\AndroidManifest.xml:13:27-74
uses-sdk
ADDED from src\main\AndroidManifest.xml:18:5-43
INJECTED from src\main\AndroidManifest.xml:18:5-43
INJECTED from src\main\AndroidManifest.xml:18:5-43
MERGED from [:ColorPickerPreference] AndroidManifest.xml:7:5-9:41
MERGED from [:ColorPickerPreference] AndroidManifest.xml:7:5-9:41
INJECTED from src\main\AndroidManifest.xml:18:5-43
INJECTED from src\main\AndroidManifest.xml:18:5-43
	android:targetSdkVersion
		INJECTED from src\main\AndroidManifest.xml
		ADDED from src\main\AndroidManifest.xml:18:5-43
		INJECTED from src\main\AndroidManifest.xml
	android:minSdkVersion
		ADDED from src\main\AndroidManifest.xml:18:15-40
		INJECTED from src\main\AndroidManifest.xml
		INJECTED from src\main\AndroidManifest.xml